08.11.2016 19:43:59	This log contains information about the import schema operation into project 'STGDatabase' on computer 'DESKTOP-9C0F0VN' by user 'Gabriel Rogala'.
08.11.2016 19:43:59	Import of database schema has started.
08.11.2016 19:44:07	Gathering database options
08.11.2016 19:44:07	Gathering users
08.11.2016 19:44:07	Gathering roles
08.11.2016 19:44:07	Gathering application roles
08.11.2016 19:44:07	Gathering role memberships
08.11.2016 19:44:07	Gathering filegroups
08.11.2016 19:44:07	Gathering full-text catalogs
08.11.2016 19:44:07	Gathering assemblies
08.11.2016 19:44:07	Gathering certificates
08.11.2016 19:44:07	Gathering asymmetric keys
08.11.2016 19:44:07	Gathering symmetric keys
08.11.2016 19:44:07	Gathering encrypted symmetric keys
08.11.2016 19:44:07	Gathering schemas
08.11.2016 19:44:07	Gathering XML schema collections
08.11.2016 19:44:07	Gathering user-defined data types
08.11.2016 19:44:07	Gathering user-defined types
08.11.2016 19:44:07	Gathering table types
08.11.2016 19:44:07	Gathering unique keys for table types
08.11.2016 19:44:07	Gathering primary keys for table types
08.11.2016 19:44:07	Gathering indexes for table types
08.11.2016 19:44:07	Gathering check constraints for table types
08.11.2016 19:44:07	Gathering default constraints for table types
08.11.2016 19:44:07	Gathering partition functions
08.11.2016 19:44:07	Gathering partition schemes
08.11.2016 19:44:07	Gathering functions
08.11.2016 19:44:07	Gathering encrypted functions
08.11.2016 19:44:07	Gathering aggregates
08.11.2016 19:44:07	Gathering procedures
08.11.2016 19:44:07	Gathering encrypted procedures
08.11.2016 19:44:07	Gathering tables
08.11.2016 19:44:07	Gathering primary keys
08.11.2016 19:44:07	Gathering unique constraints
08.11.2016 19:44:07	Gathering foreign keys
08.11.2016 19:44:07	Gathering default constraints
08.11.2016 19:44:07	Gathering check constraints
08.11.2016 19:44:07	Gathering views
08.11.2016 19:44:07	Gathering encrypted views
08.11.2016 19:44:07	Gathering indexes
08.11.2016 19:44:07	Gathering statistics
08.11.2016 19:44:07	Gathering full-text index stoplists
08.11.2016 19:44:07	Gathering search property lists
08.11.2016 19:44:07	Gathering search properties
08.11.2016 19:44:07	Gathering full-text indexes
08.11.2016 19:44:07	Gathering column store indexes
08.11.2016 19:44:07	Gathering spatial indexes
08.11.2016 19:44:07	Gathering XML indexes
08.11.2016 19:44:07	Gathering Selective XML indexes
08.11.2016 19:44:07	Gathering encrypted triggers
08.11.2016 19:44:07	Gathering triggers
08.11.2016 19:44:07	Gathering encrypted and clr ddl triggers
08.11.2016 19:44:07	Gathering ddl triggers
08.11.2016 19:44:16	Gathering synonyms
08.11.2016 19:44:16	Gathering defaults
08.11.2016 19:44:16	Gathering data constraint uddt bindings
08.11.2016 19:44:16	Gathering rules
08.11.2016 19:44:16	Gathering data constraint uddt bindings
08.11.2016 19:44:16	Gathering message types
08.11.2016 19:44:16	Gathering queues
08.11.2016 19:44:16	Gathering contracts
08.11.2016 19:44:16	Gathering services
08.11.2016 19:44:16	Gathering event notifications
08.11.2016 19:44:16	Gathering remote service bindings
08.11.2016 19:44:16	Gathering broker priorities
08.11.2016 19:44:16	Gathering signatures
08.11.2016 19:44:16	Gathering data compression options
08.11.2016 19:44:16	Gathering sequence types
08.11.2016 19:44:16	Gathering security policies
08.11.2016 19:44:16	Gather column encryption keys
08.11.2016 19:44:16	Gathering column master keys
08.11.2016 19:44:16	Gathering external data sources
08.11.2016 19:44:16	Gathering external file formats
08.11.2016 19:44:16	Gathering external tables
08.11.2016 19:44:16	Gathering extended properties
08.11.2016 19:44:16	Gathering credentials
08.11.2016 19:44:16	Gathering logins
08.11.2016 19:44:16	Gathering server audits
08.11.2016 19:44:17	Scanning project for duplicate elements
08.11.2016 19:44:17	Finished duplicate element processing
08.11.2016 19:44:18	Finished importing database.
08.11.2016 19:44:18	A summary of the import was saved to the following location: C:\Users\Gabriel Rogala\Dropbox\INŻ\SchoolTimetableGenerator\STGDatabase\Import Schema Logs\STGDatabase_20161108064359.log
08.11.2016 19:44:18	Click Finish to continue...
